Using pre-set license
Built from '2021.3/evg/staging/82bb020e-b03b1330/draft-0' branch; Version is '2021.3.16f1 (4016570cf34f) revision 4200023'; Using compiler version '192829333'; Build Type 'Release'
OS: 'Windows 10  (10.0.19045) 64bit Professional' Language: 'es' Physical Memory: 16318 MB
BatchMode: 1, IsHumanControllingUs: 0, StartBugReporterOnCrash: 0, Is64bit: 1, IsPro: 1

COMMAND LINE ARGUMENTS:
D:\Unity Trabajos\Unity 2021.3.16f1\Editor\Unity.exe
-adb2
-batchMode
-noUpm
-name
AssetImportWorker0
-projectPath
D:/GitHub/HuaicoSurfer/HuaicoSurfer/HuaicoSurfer
-logFile
Logs/AssetImportWorker0.log
-srvPort
61935
Successfully changed project path to: D:/GitHub/HuaicoSurfer/HuaicoSurfer/HuaicoSurfer
D:/GitHub/HuaicoSurfer/HuaicoSurfer/HuaicoSurfer
[UnityMemory] Configuration Parameters - Can be set up in boot.config
    "memorysetup-bucket-allocator-granularity=16"
    "memorysetup-bucket-allocator-bucket-count=8"
    "memorysetup-bucket-allocator-block-size=33554432"
    "memorysetup-bucket-allocator-block-count=8"
    "memorysetup-main-allocator-block-size=16777216"
    "memorysetup-thread-allocator-block-size=16777216"
    "memorysetup-gfx-main-allocator-block-size=16777216"
    "memorysetup-gfx-thread-allocator-block-size=16777216"
    "memorysetup-cache-allocator-block-size=4194304"
    "memorysetup-typetree-allocator-block-size=2097152"
    "memorysetup-profiler-bucket-allocator-granularity=16"
    "memorysetup-profiler-bucket-allocator-bucket-count=8"
    "memorysetup-profiler-bucket-allocator-block-size=33554432"
    "memorysetup-profiler-bucket-allocator-block-count=8"
    "memorysetup-profiler-allocator-block-size=16777216"
    "memorysetup-profiler-editor-allocator-block-size=1048576"
    "memorysetup-temp-allocator-size-main=16777216"
    "memorysetup-job-temp-allocator-block-size=2097152"
    "memorysetup-job-temp-allocator-block-size-background=1048576"
    "memorysetup-job-temp-allocator-reduction-small-platforms=262144"
    "memorysetup-temp-allocator-size-background-worker=32768"
    "memorysetup-temp-allocator-size-job-worker=262144"
    "memorysetup-temp-allocator-size-preload-manager=33554432"
    "memorysetup-temp-allocator-size-nav-mesh-worker=65536"
    "memorysetup-temp-allocator-size-audio-worker=65536"
    "memorysetup-temp-allocator-size-cloud-worker=32768"
    "memorysetup-temp-allocator-size-gi-baking-worker=262144"
    "memorysetup-temp-allocator-size-gfx=262144"
Player connection [7036] Host "[IP] 192.168.18.42 [Port] 0 [Flags] 2 [Guid] 2621787562 [EditorId] 2621787562 [Version] 1048832 [Id] WindowsEditor(7,DESKTOP-CMDMI7C) [Debug] 1 [PackageName] WindowsEditor [ProjectName] Editor" joined multi-casting on [225.0.0.222:54997]...

Player connection [7036] Host "[IP] 192.168.18.42 [Port] 0 [Flags] 2 [Guid] 2621787562 [EditorId] 2621787562 [Version] 1048832 [Id] WindowsEditor(7,DESKTOP-CMDMI7C) [Debug] 1 [PackageName] WindowsEditor [ProjectName] Editor" joined alternative multi-casting on [225.0.0.222:34997]...

Refreshing native plugins compatible for Editor in 106.67 ms, found 3 plugins.
Preloading 0 native plugins for Editor in 0.00 ms.
Initialize engine version: 2021.3.16f1 (4016570cf34f)
[Subsystems] Discovering subsystems at path D:/Unity Trabajos/Unity 2021.3.16f1/Editor/Data/Resources/UnitySubsystems
[Subsystems] Discovering subsystems at path D:/GitHub/HuaicoSurfer/HuaicoSurfer/HuaicoSurfer/Assets
GfxDevice: creating device client; threaded=0; jobified=0
Direct3D:
    Version:  Direct3D 11.0 [level 11.1]
    Renderer: NVIDIA GeForce GTX 1060 3GB (ID=0x1c02)
    Vendor:   NVIDIA
    VRAM:     2978 MB
    Driver:   31.0.15.3161
Initialize mono
Mono path[0] = 'D:/Unity Trabajos/Unity 2021.3.16f1/Editor/Data/Managed'
Mono path[1] = 'D:/Unity Trabajos/Unity 2021.3.16f1/Editor/Data/MonoBleedingEdge/lib/mono/unityjit-win32'
Mono config path = 'D:/Unity Trabajos/Unity 2021.3.16f1/Editor/Data/MonoBleedingEdge/etc'
Using monoOptions --debugger-agent=transport=dt_socket,embedding=1,server=y,suspend=n,address=127.0.0.1:56672
Begin MonoManager ReloadAssembly
Registering precompiled unity dll's ...
Register platform support module: D:/Unity Trabajos/Unity 2021.3.16f1/Editor/Data/PlaybackEngines/WindowsStandaloneSupport/UnityEditor.WindowsStandalone.Extensions.dll
Registered in 0.002730 seconds.
Native extension for WindowsStandalone target not found
Refreshing native plugins compatible for Editor in 104.99 ms, found 3 plugins.
Preloading 0 native plugins for Editor in 0.00 ms.
Mono: successfully reloaded assembly
- Completed reload, in  0.703 seconds
Domain Reload Profiling:
	ReloadAssembly (704ms)
		BeginReloadAssembly (80ms)
			ExecutionOrderSort (0ms)
			DisableScriptedObjects (0ms)
			BackupInstance (0ms)
			ReleaseScriptingObjects (0ms)
			CreateAndSetChildDomain (1ms)
		EndReloadAssembly (508ms)
			LoadAssemblies (80ms)
			RebuildTransferFunctionScriptingTraits (0ms)
			SetupTypeCache (124ms)
			ReleaseScriptCaches (0ms)
			RebuildScriptCaches (30ms)
			SetupLoadedEditorAssemblies (301ms)
				LogAssemblyErrors (0ms)
				InitializePlatformSupportModulesInManaged (8ms)
				SetLoadedEditorAssemblies (0ms)
				RefreshPlugins (105ms)
				BeforeProcessingInitializeOnLoad (2ms)
				ProcessInitializeOnLoadAttributes (136ms)
				ProcessInitializeOnLoadMethodAttributes (50ms)
				AfterProcessingInitializeOnLoad (0ms)
				EditorAssembliesLoaded (0ms)
			ExecutionOrderSort2 (0ms)
			AwakeInstancesAfterBackupRestoration (0ms)
Platform modules already initialized, skipping
Registering precompiled user dll's ...
Registered in 0.005983 seconds.
Begin MonoManager ReloadAssembly
Symbol file LoadedFromMemory doesn't match image D:\GitHub\HuaicoSurfer\HuaicoSurfer\HuaicoSurfer\Library\PackageCache\com.unity.visualscripting@1.7.8\Editor\VisualScripting.Core\Dependencies\YamlDotNet\Unity.VisualScripting.YamlDotNet.dll
Symbol file LoadedFromMemory doesn't match image D:\GitHub\HuaicoSurfer\HuaicoSurfer\HuaicoSurfer\Library\PackageCache\com.unity.visualscripting@1.7.8\Editor\VisualScripting.Core\Dependencies\DotNetZip\Unity.VisualScripting.IonicZip.dll
Native extension for WindowsStandalone target not found
Refreshing native plugins compatible for Editor in 105.60 ms, found 3 plugins.
Preloading 0 native plugins for Editor in 0.00 ms.
Mono: successfully reloaded assembly
- Completed reload, in  1.235 seconds
Domain Reload Profiling:
	ReloadAssembly (1236ms)
		BeginReloadAssembly (105ms)
			ExecutionOrderSort (0ms)
			DisableScriptedObjects (6ms)
			BackupInstance (0ms)
			ReleaseScriptingObjects (0ms)
			CreateAndSetChildDomain (20ms)
		EndReloadAssembly (1017ms)
			LoadAssemblies (81ms)
			RebuildTransferFunctionScriptingTraits (0ms)
			SetupTypeCache (288ms)
			ReleaseScriptCaches (1ms)
			RebuildScriptCaches (63ms)
			SetupLoadedEditorAssemblies (540ms)
				LogAssemblyErrors (0ms)
				InitializePlatformSupportModulesInManaged (3ms)
				SetLoadedEditorAssemblies (0ms)
				RefreshPlugins (106ms)
				BeforeProcessingInitializeOnLoad (99ms)
				ProcessInitializeOnLoadAttributes (247ms)
				ProcessInitializeOnLoadMethodAttributes (81ms)
				AfterProcessingInitializeOnLoad (3ms)
				EditorAssembliesLoaded (0ms)
			ExecutionOrderSort2 (0ms)
			AwakeInstancesAfterBackupRestoration (7ms)
Platform modules already initialized, skipping
========================================================================
Worker process is ready to serve import requests
Launched and connected shader compiler UnityShaderCompiler.exe after 0.05 seconds
Refreshing native plugins compatible for Editor in 0.94 ms, found 3 plugins.
Preloading 0 native plugins for Editor in 0.00 ms.
Unloading 5045 Unused Serialized files (Serialized files now loaded: 0)
Unloading 43 unused Assets / (1.1 MB). Loaded Objects now: 5491.
Memory consumption went from 201.3 MB to 200.2 MB.
Total: 4.985000 ms (FindLiveObjects: 0.448600 ms CreateObjectMapping: 0.473900 ms MarkObjects: 3.571900 ms  DeleteObjects: 0.489000 ms)

AssetImportParameters requested are different than current active one (requested -> active):
  custom:video-decoder-ogg-theora: a1e56fd34408186e4bbccfd4996cb3dc -> 
  custom:container-muxer-webm: aa71ff27fc2769a1b78a27578f13a17b -> 
  custom:container-demuxer-webm: 4f35f7cbe854078d1ac9338744f61a02 -> 
  custom:video-encoder-webm-vp8: eb34c28f22e8b96e1ab97ce403110664 -> 
  custom:video-codec-MediaFoundation-h265: 746d11721c4dcdbdad8f713fa42b33f4 -> 
  custom:audio-encoder-webm-vorbis: bf7c407c2cedff20999df2af8eb42d56 -> 
  custom:framework-win-MediaFoundation: 216162199b28c13a410421893ffa2e32 -> 
  custom:container-demuxer-ogg: 62fdf1f143b41e24485cea50d1cbac27 -> 
  custom:video-decoder-webm-vp8: 9c59270c3fd7afecdb556c50c9e8de78 -> 
  custom:audio-decoder-ogg-vorbis: bf7c407c2cedff20999df2af8eb42d56 -> 
========================================================================
Received Import Request.
  Time since last request: 133497.145408 seconds.
  path: Assets/Modelados/Hombre Base.fbx
  artifactKey: Guid(94cc763927d56c94dabf658e1e53016d) Importer(815301076,1909f56bfc062723c751e8b465ee728b)
Start importing Assets/Modelados/Hombre Base.fbx using Guid(94cc763927d56c94dabf658e1e53016d) Importer(815301076,1909f56bfc062723c751e8b465ee728b)  -> (artifact id: '1682b688156147cc7b4b5e2d664a7cd9') in 0.761011 seconds 
========================================================================
Received Import Request.
  Time since last request: 25.426457 seconds.
  path: Assets/Modelados/Hombre Base.fbx
  artifactKey: Guid(94cc763927d56c94dabf658e1e53016d) Importer(815301076,1909f56bfc062723c751e8b465ee728b)
Start importing Assets/Modelados/Hombre Base.fbx using Guid(94cc763927d56c94dabf658e1e53016d) Importer(815301076,1909f56bfc062723c751e8b465ee728b)  -> (artifact id: '3a6f7a066e46632267ff5a0f0e15fa9b') in 0.048298 seconds 
========================================================================
Received Import Request.
  Time since last request: 184.172544 seconds.
  path: Assets/Modelados/Hombre Base.fbx
  artifactKey: Guid(94cc763927d56c94dabf658e1e53016d) Importer(815301076,1909f56bfc062723c751e8b465ee728b)
Start importing Assets/Modelados/Hombre Base.fbx using Guid(94cc763927d56c94dabf658e1e53016d) Importer(815301076,1909f56bfc062723c751e8b465ee728b)  -> (artifact id: 'dbc84b00a37339c9ff0ca1436768ab9e') in 0.036981 seconds 
========================================================================
Received Import Request.
  Time since last request: 24.085320 seconds.
  path: Assets/Modelados/Hombre Base.fbx
  artifactKey: Guid(94cc763927d56c94dabf658e1e53016d) Importer(815301076,1909f56bfc062723c751e8b465ee728b)
Start importing Assets/Modelados/Hombre Base.fbx using Guid(94cc763927d56c94dabf658e1e53016d) Importer(815301076,1909f56bfc062723c751e8b465ee728b)  -> (artifact id: 'f44ad703ec75c4c22c04f74cbf5403a6') in 0.024990 seconds 
========================================================================
Received Import Request.
  Time since last request: 269.968931 seconds.
  path: Assets/Prefabs/Hombre Base.prefab
  artifactKey: Guid(89176e32565e9364b938ce532a88ce0a) Importer(815301076,1909f56bfc062723c751e8b465ee728b)
Start importing Assets/Prefabs/Hombre Base.prefab using Guid(89176e32565e9364b938ce532a88ce0a) Importer(815301076,1909f56bfc062723c751e8b465ee728b)  -> (artifact id: 'e92b88c88a6834806eb3b79676967ba2') in 0.030731 seconds 
========================================================================
Received Import Request.
  Time since last request: 77.632814 seconds.
  path: Assets/Scripts/DestruyePrefaps.cs
  artifactKey: Guid(a29a79d20d9e0c04cbe8641d86637db3) Importer(815301076,1909f56bfc062723c751e8b465ee728b)
Start importing Assets/Scripts/DestruyePrefaps.cs using Guid(a29a79d20d9e0c04cbe8641d86637db3) Importer(815301076,1909f56bfc062723c751e8b465ee728b)  -> (artifact id: '1f6dc7a95752d4825ed55f74eb18c7f7') in 0.021422 seconds 
========================================================================
Received Import Request.
  Time since last request: 1.618392 seconds.
  path: Assets/Scripts/Disparador.cs
  artifactKey: Guid(9a5b15cbf59cdfe49a1a3f2ba67350bc) Importer(815301076,1909f56bfc062723c751e8b465ee728b)
Start importing Assets/Scripts/Disparador.cs using Guid(9a5b15cbf59cdfe49a1a3f2ba67350bc) Importer(815301076,1909f56bfc062723c751e8b465ee728b)  -> (artifact id: '75212a59dc19cadffe643a15df0a0d0f') in 0.007793 seconds 
========================================================================
Received Import Request.
  Time since last request: 1.334341 seconds.
  path: Assets/Scripts/DividirPlano.cs
  artifactKey: Guid(ed209eb40d6e278489744b30af1026ac) Importer(815301076,1909f56bfc062723c751e8b465ee728b)
Start importing Assets/Scripts/DividirPlano.cs using Guid(ed209eb40d6e278489744b30af1026ac) Importer(815301076,1909f56bfc062723c751e8b465ee728b)  -> (artifact id: '69e1f24024ba28cd97989d9e4e2f647c') in 0.006056 seconds 
========================================================================
Received Import Request.
  Time since last request: 1.603610 seconds.
  path: Assets/Scripts/GenerarInstancias.cs
  artifactKey: Guid(15049293c2bca51458c53a623a413e33) Importer(815301076,1909f56bfc062723c751e8b465ee728b)
Start importing Assets/Scripts/GenerarInstancias.cs using Guid(15049293c2bca51458c53a623a413e33) Importer(815301076,1909f56bfc062723c751e8b465ee728b)  -> (artifact id: '9e908bc4e6b104e3269e0628e4a6143d') in 0.006733 seconds 
========================================================================
Received Import Request.
  Time since last request: 4.089243 seconds.
  path: Assets/Scripts/LogicaEscena.cs
  artifactKey: Guid(e36bbd3cd88aea046b9453df8a32a6ca) Importer(815301076,1909f56bfc062723c751e8b465ee728b)
Start importing Assets/Scripts/LogicaEscena.cs using Guid(e36bbd3cd88aea046b9453df8a32a6ca) Importer(815301076,1909f56bfc062723c751e8b465ee728b)  -> (artifact id: '5949fe6add948a5ab886065a01d3c88b') in 0.016997 seconds 
========================================================================
Received Import Request.
  Time since last request: 2.368047 seconds.
  path: Assets/Scripts/Moverse.cs
  artifactKey: Guid(5aa122823ecaf094b94647233370ef9b) Importer(815301076,1909f56bfc062723c751e8b465ee728b)
Start importing Assets/Scripts/Moverse.cs using Guid(5aa122823ecaf094b94647233370ef9b) Importer(815301076,1909f56bfc062723c751e8b465ee728b)  -> (artifact id: '15d0f9c763aa3bce1075e51adc52d31a') in 0.006811 seconds 
========================================================================
Received Import Request.
  Time since last request: 9.000696 seconds.
  path: Assets/Scripts/PosicionDeBolita.cs
  artifactKey: Guid(ced6e9a04f9f595448f4f97d575f4859) Importer(815301076,1909f56bfc062723c751e8b465ee728b)
Start importing Assets/Scripts/PosicionDeBolita.cs using Guid(ced6e9a04f9f595448f4f97d575f4859) Importer(815301076,1909f56bfc062723c751e8b465ee728b)  -> (artifact id: 'c9f81ef299262b3864a76061820716ed') in 0.006455 seconds 
========================================================================
Received Import Request.
  Time since last request: 70.655944 seconds.
  path: Assets/Prefabs/Hombre Base.prefab
  artifactKey: Guid(89176e32565e9364b938ce532a88ce0a) Importer(815301076,1909f56bfc062723c751e8b465ee728b)
Start importing Assets/Prefabs/Hombre Base.prefab using Guid(89176e32565e9364b938ce532a88ce0a) Importer(815301076,1909f56bfc062723c751e8b465ee728b)  -> (artifact id: '05419a623ce310b43180ac49cf0f7d0d') in 0.015908 seconds 
========================================================================
Received Import Request.
  Time since last request: 92.125478 seconds.
  path: Assets/Scripts
  artifactKey: Guid(f02db1254b1f095489d9b352491af4cd) Importer(815301076,1909f56bfc062723c751e8b465ee728b)
Start importing Assets/Scripts using Guid(f02db1254b1f095489d9b352491af4cd) Importer(815301076,1909f56bfc062723c751e8b465ee728b)  -> (artifact id: '1546775feb6bb138333247b1e8e96c3a') in 0.035833 seconds 
========================================================================
Received Import Request.
  Time since last request: 11.770511 seconds.
  path: Assets/Scripts/ScoreController.cs
  artifactKey: Guid(dca6dbe4f7f7cb34fbdc7a3872848205) Importer(815301076,1909f56bfc062723c751e8b465ee728b)
Start importing Assets/Scripts/ScoreController.cs using Guid(dca6dbe4f7f7cb34fbdc7a3872848205) Importer(815301076,1909f56bfc062723c751e8b465ee728b)  -> (artifact id: '25379b6ec4b012f06abd7a2bf2c87988') in 0.007655 seconds 
========================================================================
Received Prepare
Registering precompiled user dll's ...
Registered in 0.005495 seconds.
Begin MonoManager ReloadAssembly
Symbol file LoadedFromMemory doesn't match image D:\GitHub\HuaicoSurfer\HuaicoSurfer\HuaicoSurfer\Library\PackageCache\com.unity.visualscripting@1.7.8\Editor\VisualScripting.Core\Dependencies\YamlDotNet\Unity.VisualScripting.YamlDotNet.dll
Symbol file LoadedFromMemory doesn't match image D:\GitHub\HuaicoSurfer\HuaicoSurfer\HuaicoSurfer\Library\PackageCache\com.unity.visualscripting@1.7.8\Editor\VisualScripting.Core\Dependencies\DotNetZip\Unity.VisualScripting.IonicZip.dll
Native extension for WindowsStandalone target not found
Refreshing native plugins compatible for Editor in 0.85 ms, found 3 plugins.
Preloading 0 native plugins for Editor in 0.00 ms.
Mono: successfully reloaded assembly
- Completed reload, in  1.234 seconds
Domain Reload Profiling:
	ReloadAssembly (1234ms)
		BeginReloadAssembly (158ms)
			ExecutionOrderSort (0ms)
			DisableScriptedObjects (14ms)
			BackupInstance (0ms)
			ReleaseScriptingObjects (0ms)
			CreateAndSetChildDomain (45ms)
		EndReloadAssembly (937ms)
			LoadAssemblies (130ms)
			RebuildTransferFunctionScriptingTraits (0ms)
			SetupTypeCache (285ms)
			ReleaseScriptCaches (2ms)
			RebuildScriptCaches (45ms)
			SetupLoadedEditorAssemblies (399ms)
				LogAssemblyErrors (0ms)
				InitializePlatformSupportModulesInManaged (13ms)
				SetLoadedEditorAssemblies (1ms)
				RefreshPlugins (1ms)
				BeforeProcessingInitializeOnLoad (74ms)
				ProcessInitializeOnLoadAttributes (225ms)
				ProcessInitializeOnLoadMethodAttributes (82ms)
				AfterProcessingInitializeOnLoad (3ms)
				EditorAssembliesLoaded (0ms)
			ExecutionOrderSort2 (0ms)
			AwakeInstancesAfterBackupRestoration (30ms)
Platform modules already initialized, skipping
Refreshing native plugins compatible for Editor in 2.67 ms, found 3 plugins.
Preloading 0 native plugins for Editor in 0.00 ms.
Unloading 4922 Unused Serialized files (Serialized files now loaded: 0)
Unloading 36 unused Assets / (1.1 MB). Loaded Objects now: 5590.
Memory consumption went from 199.7 MB to 198.6 MB.
Total: 15.333700 ms (FindLiveObjects: 0.387100 ms CreateObjectMapping: 0.313000 ms MarkObjects: 14.175600 ms  DeleteObjects: 0.456200 ms)

AssetImportParameters requested are different than current active one (requested -> active):
  custom:video-decoder-ogg-theora: a1e56fd34408186e4bbccfd4996cb3dc -> 
  custom:container-muxer-webm: aa71ff27fc2769a1b78a27578f13a17b -> 
  custom:container-demuxer-webm: 4f35f7cbe854078d1ac9338744f61a02 -> 
  custom:video-encoder-webm-vp8: eb34c28f22e8b96e1ab97ce403110664 -> 
  custom:video-codec-MediaFoundation-h265: 746d11721c4dcdbdad8f713fa42b33f4 -> 
  custom:audio-encoder-webm-vorbis: bf7c407c2cedff20999df2af8eb42d56 -> 
  custom:framework-win-MediaFoundation: 216162199b28c13a410421893ffa2e32 -> 
  custom:container-demuxer-ogg: 62fdf1f143b41e24485cea50d1cbac27 -> 
  custom:video-decoder-webm-vp8: 9c59270c3fd7afecdb556c50c9e8de78 -> 
  custom:audio-decoder-ogg-vorbis: bf7c407c2cedff20999df2af8eb42d56 -> 
========================================================================
Received Import Request.
  Time since last request: 43.504384 seconds.
  path: Assets/Scripts/ScoreController.cs
  artifactKey: Guid(dca6dbe4f7f7cb34fbdc7a3872848205) Importer(815301076,1909f56bfc062723c751e8b465ee728b)
Start importing Assets/Scripts/ScoreController.cs using Guid(dca6dbe4f7f7cb34fbdc7a3872848205) Importer(815301076,1909f56bfc062723c751e8b465ee728b)  -> (artifact id: 'f873ff1523bb6c92121446b0a0ba834d') in 0.008815 seconds 
========================================================================
Received Import Request.
  Time since last request: 4.441502 seconds.
  path: Assets/Scripts/ScoreController.cs
  artifactKey: Guid(dca6dbe4f7f7cb34fbdc7a3872848205) Importer(815301076,1909f56bfc062723c751e8b465ee728b)
Start importing Assets/Scripts/ScoreController.cs using Guid(dca6dbe4f7f7cb34fbdc7a3872848205) Importer(815301076,1909f56bfc062723c751e8b465ee728b)  -> (artifact id: 'd92f9819340f9e3f1c0b30734172b82f') in 0.001554 seconds 
========================================================================
Received Prepare
Registering precompiled user dll's ...
Registered in 0.005731 seconds.
Begin MonoManager ReloadAssembly
Symbol file LoadedFromMemory doesn't match image D:\GitHub\HuaicoSurfer\HuaicoSurfer\HuaicoSurfer\Library\PackageCache\com.unity.visualscripting@1.7.8\Editor\VisualScripting.Core\Dependencies\YamlDotNet\Unity.VisualScripting.YamlDotNet.dll
Symbol file LoadedFromMemory doesn't match image D:\GitHub\HuaicoSurfer\HuaicoSurfer\HuaicoSurfer\Library\PackageCache\com.unity.visualscripting@1.7.8\Editor\VisualScripting.Core\Dependencies\DotNetZip\Unity.VisualScripting.IonicZip.dll
Native extension for WindowsStandalone target not found
Refreshing native plugins compatible for Editor in 0.86 ms, found 3 plugins.
Preloading 0 native plugins for Editor in 0.00 ms.
Mono: successfully reloaded assembly
- Completed reload, in  1.128 seconds
Domain Reload Profiling:
	ReloadAssembly (1129ms)
		BeginReloadAssembly (123ms)
			ExecutionOrderSort (0ms)
			DisableScriptedObjects (6ms)
			BackupInstance (0ms)
			ReleaseScriptingObjects (0ms)
			CreateAndSetChildDomain (38ms)
		EndReloadAssembly (904ms)
			LoadAssemblies (83ms)
			RebuildTransferFunctionScriptingTraits (0ms)
			SetupTypeCache (286ms)
			ReleaseScriptCaches (2ms)
			RebuildScriptCaches (44ms)
			SetupLoadedEditorAssemblies (390ms)
				LogAssemblyErrors (0ms)
				InitializePlatformSupportModulesInManaged (12ms)
				SetLoadedEditorAssemblies (0ms)
				RefreshPlugins (1ms)
				BeforeProcessingInitializeOnLoad (72ms)
				ProcessInitializeOnLoadAttributes (219ms)
				ProcessInitializeOnLoadMethodAttributes (83ms)
				AfterProcessingInitializeOnLoad (3ms)
				EditorAssembliesLoaded (0ms)
			ExecutionOrderSort2 (0ms)
			AwakeInstancesAfterBackupRestoration (19ms)
Platform modules already initialized, skipping
Refreshing native plugins compatible for Editor in 1.94 ms, found 3 plugins.
Preloading 0 native plugins for Editor in 0.00 ms.
Unloading 4923 Unused Serialized files (Serialized files now loaded: 0)
Unloading 36 unused Assets / (1.1 MB). Loaded Objects now: 5593.
Memory consumption went from 199.8 MB to 198.7 MB.
Total: 4.275200 ms (FindLiveObjects: 0.408100 ms CreateObjectMapping: 0.315700 ms MarkObjects: 3.100200 ms  DeleteObjects: 0.450000 ms)

AssetImportParameters requested are different than current active one (requested -> active):
  custom:video-decoder-ogg-theora: a1e56fd34408186e4bbccfd4996cb3dc -> 
  custom:container-muxer-webm: aa71ff27fc2769a1b78a27578f13a17b -> 
  custom:container-demuxer-webm: 4f35f7cbe854078d1ac9338744f61a02 -> 
  custom:video-encoder-webm-vp8: eb34c28f22e8b96e1ab97ce403110664 -> 
  custom:video-codec-MediaFoundation-h265: 746d11721c4dcdbdad8f713fa42b33f4 -> 
  custom:audio-encoder-webm-vorbis: bf7c407c2cedff20999df2af8eb42d56 -> 
  custom:framework-win-MediaFoundation: 216162199b28c13a410421893ffa2e32 -> 
  custom:container-demuxer-ogg: 62fdf1f143b41e24485cea50d1cbac27 -> 
  custom:video-decoder-webm-vp8: 9c59270c3fd7afecdb556c50c9e8de78 -> 
  custom:audio-decoder-ogg-vorbis: bf7c407c2cedff20999df2af8eb42d56 -> 
========================================================================
Received Import Request.
  Time since last request: 384.937107 seconds.
  path: Assets/Prefabs/Hombre Base.prefab
  artifactKey: Guid(89176e32565e9364b938ce532a88ce0a) Importer(815301076,1909f56bfc062723c751e8b465ee728b)
Start importing Assets/Prefabs/Hombre Base.prefab using Guid(89176e32565e9364b938ce532a88ce0a) Importer(815301076,1909f56bfc062723c751e8b465ee728b)  -> (artifact id: 'eccbba10d0cacd86d7311a3d3acb8e95') in 0.393987 seconds 
========================================================================
Received Import Request.
  Time since last request: 169.522293 seconds.
  path: Assets/Prefabs/Hombre Base.prefab
  artifactKey: Guid(89176e32565e9364b938ce532a88ce0a) Importer(815301076,1909f56bfc062723c751e8b465ee728b)
Start importing Assets/Prefabs/Hombre Base.prefab using Guid(89176e32565e9364b938ce532a88ce0a) Importer(815301076,1909f56bfc062723c751e8b465ee728b)  -> (artifact id: '2b57f326155231314b83e028737b1763') in 0.012331 seconds 
========================================================================
Received Import Request.
  Time since last request: 10.106629 seconds.
  path: Assets/Prefabs/Hombre Base.prefab
  artifactKey: Guid(89176e32565e9364b938ce532a88ce0a) Importer(815301076,1909f56bfc062723c751e8b465ee728b)
Start importing Assets/Prefabs/Hombre Base.prefab using Guid(89176e32565e9364b938ce532a88ce0a) Importer(815301076,1909f56bfc062723c751e8b465ee728b)  -> (artifact id: '08d9203b87605fe48453615330eddd31') in 0.010412 seconds 
========================================================================
Received Import Request.
  Time since last request: 2.575657 seconds.
  path: Assets/Prefabs/Hombre Base.prefab
  artifactKey: Guid(89176e32565e9364b938ce532a88ce0a) Importer(815301076,1909f56bfc062723c751e8b465ee728b)
Start importing Assets/Prefabs/Hombre Base.prefab using Guid(89176e32565e9364b938ce532a88ce0a) Importer(815301076,1909f56bfc062723c751e8b465ee728b)  -> (artifact id: '85d19773042c4fe9fba519d980581b37') in 0.043501 seconds 
========================================================================
Received Import Request.
  Time since last request: 0.142514 seconds.
  path: Assets/Prefabs/Hombre Base.prefab
  artifactKey: Guid(89176e32565e9364b938ce532a88ce0a) Importer(815301076,1909f56bfc062723c751e8b465ee728b)
Start importing Assets/Prefabs/Hombre Base.prefab using Guid(89176e32565e9364b938ce532a88ce0a) Importer(815301076,1909f56bfc062723c751e8b465ee728b)  -> (artifact id: 'ef2616890631afb1bc20a70ed3134fe7') in 0.010785 seconds 
========================================================================
Received Import Request.
  Time since last request: 0.605438 seconds.
  path: Assets/Prefabs/Hombre Base.prefab
  artifactKey: Guid(89176e32565e9364b938ce532a88ce0a) Importer(815301076,1909f56bfc062723c751e8b465ee728b)
Start importing Assets/Prefabs/Hombre Base.prefab using Guid(89176e32565e9364b938ce532a88ce0a) Importer(815301076,1909f56bfc062723c751e8b465ee728b)  -> (artifact id: '93cd35df98eb97dc2ffc9009387b2c35') in 0.011538 seconds 
========================================================================
Received Import Request.
  Time since last request: 0.391610 seconds.
  path: Assets/Prefabs/Hombre Base.prefab
  artifactKey: Guid(89176e32565e9364b938ce532a88ce0a) Importer(815301076,1909f56bfc062723c751e8b465ee728b)
Start importing Assets/Prefabs/Hombre Base.prefab using Guid(89176e32565e9364b938ce532a88ce0a) Importer(815301076,1909f56bfc062723c751e8b465ee728b)  -> (artifact id: 'b9b7d0a5ca910752f1d2bfc514f5c20f') in 0.022697 seconds 
========================================================================
Received Import Request.
  Time since last request: 0.388200 seconds.
  path: Assets/Prefabs/Hombre Base.prefab
  artifactKey: Guid(89176e32565e9364b938ce532a88ce0a) Importer(815301076,1909f56bfc062723c751e8b465ee728b)
Start importing Assets/Prefabs/Hombre Base.prefab using Guid(89176e32565e9364b938ce532a88ce0a) Importer(815301076,1909f56bfc062723c751e8b465ee728b)  -> (artifact id: '3e8b4557e3bd637be14fef882f6e2d17') in 0.010224 seconds 
========================================================================
Received Prepare
Registering precompiled user dll's ...
Registered in 0.005670 seconds.
Begin MonoManager ReloadAssembly
Symbol file LoadedFromMemory doesn't match image D:\GitHub\HuaicoSurfer\HuaicoSurfer\HuaicoSurfer\Library\PackageCache\com.unity.visualscripting@1.7.8\Editor\VisualScripting.Core\Dependencies\YamlDotNet\Unity.VisualScripting.YamlDotNet.dll
Symbol file LoadedFromMemory doesn't match image D:\GitHub\HuaicoSurfer\HuaicoSurfer\HuaicoSurfer\Library\PackageCache\com.unity.visualscripting@1.7.8\Editor\VisualScripting.Core\Dependencies\DotNetZip\Unity.VisualScripting.IonicZip.dll
Native extension for WindowsStandalone target not found
Refreshing native plugins compatible for Editor in 0.87 ms, found 3 plugins.
Preloading 0 native plugins for Editor in 0.00 ms.
Mono: successfully reloaded assembly
- Completed reload, in  1.579 seconds
Domain Reload Profiling:
	ReloadAssembly (1580ms)
		BeginReloadAssembly (225ms)
			ExecutionOrderSort (0ms)
			DisableScriptedObjects (8ms)
			BackupInstance (0ms)
			ReleaseScriptingObjects (0ms)
			CreateAndSetChildDomain (45ms)
		EndReloadAssembly (1227ms)
			LoadAssemblies (178ms)
			RebuildTransferFunctionScriptingTraits (0ms)
			SetupTypeCache (587ms)
			ReleaseScriptCaches (2ms)
			RebuildScriptCaches (44ms)
			SetupLoadedEditorAssemblies (398ms)
				LogAssemblyErrors (0ms)
				InitializePlatformSupportModulesInManaged (12ms)
				SetLoadedEditorAssemblies (0ms)
				RefreshPlugins (1ms)
				BeforeProcessingInitializeOnLoad (73ms)
				ProcessInitializeOnLoadAttributes (225ms)
				ProcessInitializeOnLoadMethodAttributes (83ms)
				AfterProcessingInitializeOnLoad (3ms)
				EditorAssembliesLoaded (0ms)
			ExecutionOrderSort2 (0ms)
			AwakeInstancesAfterBackupRestoration (24ms)
Platform modules already initialized, skipping
Refreshing native plugins compatible for Editor in 1.98 ms, found 3 plugins.
Preloading 0 native plugins for Editor in 0.00 ms.
Unloading 4922 Unused Serialized files (Serialized files now loaded: 0)
Unloading 36 unused Assets / (1.1 MB). Loaded Objects now: 5637.
Memory consumption went from 199.8 MB to 198.7 MB.
Total: 4.112100 ms (FindLiveObjects: 0.413300 ms CreateObjectMapping: 0.352700 ms MarkObjects: 2.871600 ms  DeleteObjects: 0.473400 ms)

AssetImportParameters requested are different than current active one (requested -> active):
  custom:video-decoder-ogg-theora: a1e56fd34408186e4bbccfd4996cb3dc -> 
  custom:container-muxer-webm: aa71ff27fc2769a1b78a27578f13a17b -> 
  custom:container-demuxer-webm: 4f35f7cbe854078d1ac9338744f61a02 -> 
  custom:video-encoder-webm-vp8: eb34c28f22e8b96e1ab97ce403110664 -> 
  custom:video-codec-MediaFoundation-h265: 746d11721c4dcdbdad8f713fa42b33f4 -> 
  custom:audio-encoder-webm-vorbis: bf7c407c2cedff20999df2af8eb42d56 -> 
  custom:framework-win-MediaFoundation: 216162199b28c13a410421893ffa2e32 -> 
  custom:container-demuxer-ogg: 62fdf1f143b41e24485cea50d1cbac27 -> 
  custom:video-decoder-webm-vp8: 9c59270c3fd7afecdb556c50c9e8de78 -> 
  custom:audio-decoder-ogg-vorbis: bf7c407c2cedff20999df2af8eb42d56 -> 
========================================================================
Received Prepare
Registering precompiled user dll's ...
Registered in 0.005818 seconds.
Begin MonoManager ReloadAssembly
Symbol file LoadedFromMemory doesn't match image D:\GitHub\HuaicoSurfer\HuaicoSurfer\HuaicoSurfer\Library\PackageCache\com.unity.visualscripting@1.7.8\Editor\VisualScripting.Core\Dependencies\YamlDotNet\Unity.VisualScripting.YamlDotNet.dll
Symbol file LoadedFromMemory doesn't match image D:\GitHub\HuaicoSurfer\HuaicoSurfer\HuaicoSurfer\Library\PackageCache\com.unity.visualscripting@1.7.8\Editor\VisualScripting.Core\Dependencies\DotNetZip\Unity.VisualScripting.IonicZip.dll
Native extension for WindowsStandalone target not found
Refreshing native plugins compatible for Editor in 0.88 ms, found 3 plugins.
Preloading 0 native plugins for Editor in 0.00 ms.
Mono: successfully reloaded assembly
- Completed reload, in  1.127 seconds
Domain Reload Profiling:
	ReloadAssembly (1128ms)
		BeginReloadAssembly (127ms)
			ExecutionOrderSort (0ms)
			DisableScriptedObjects (6ms)
			BackupInstance (0ms)
			ReleaseScriptingObjects (0ms)
			CreateAndSetChildDomain (39ms)
		EndReloadAssembly (905ms)
			LoadAssemblies (89ms)
			RebuildTransferFunctionScriptingTraits (0ms)
			SetupTypeCache (272ms)
			ReleaseScriptCaches (2ms)
			RebuildScriptCaches (69ms)
			SetupLoadedEditorAssemblies (395ms)
				LogAssemblyErrors (0ms)
				InitializePlatformSupportModulesInManaged (11ms)
				SetLoadedEditorAssemblies (0ms)
				RefreshPlugins (1ms)
				BeforeProcessingInitializeOnLoad (80ms)
				ProcessInitializeOnLoadAttributes (218ms)
				ProcessInitializeOnLoadMethodAttributes (81ms)
				AfterProcessingInitializeOnLoad (3ms)
				EditorAssembliesLoaded (0ms)
			ExecutionOrderSort2 (0ms)
			AwakeInstancesAfterBackupRestoration (19ms)
Platform modules already initialized, skipping
Refreshing native plugins compatible for Editor in 2.02 ms, found 3 plugins.
Preloading 0 native plugins for Editor in 0.00 ms.
Unloading 4923 Unused Serialized files (Serialized files now loaded: 0)
Unloading 36 unused Assets / (1.1 MB). Loaded Objects now: 5640.
Memory consumption went from 199.9 MB to 198.8 MB.
Total: 4.128100 ms (FindLiveObjects: 0.421300 ms CreateObjectMapping: 0.345500 ms MarkObjects: 2.738000 ms  DeleteObjects: 0.622200 ms)

AssetImportParameters requested are different than current active one (requested -> active):
  custom:video-decoder-ogg-theora: a1e56fd34408186e4bbccfd4996cb3dc -> 
  custom:container-muxer-webm: aa71ff27fc2769a1b78a27578f13a17b -> 
  custom:container-demuxer-webm: 4f35f7cbe854078d1ac9338744f61a02 -> 
  custom:video-encoder-webm-vp8: eb34c28f22e8b96e1ab97ce403110664 -> 
  custom:video-codec-MediaFoundation-h265: 746d11721c4dcdbdad8f713fa42b33f4 -> 
  custom:audio-encoder-webm-vorbis: bf7c407c2cedff20999df2af8eb42d56 -> 
  custom:framework-win-MediaFoundation: 216162199b28c13a410421893ffa2e32 -> 
  custom:container-demuxer-ogg: 62fdf1f143b41e24485cea50d1cbac27 -> 
  custom:video-decoder-webm-vp8: 9c59270c3fd7afecdb556c50c9e8de78 -> 
  custom:audio-decoder-ogg-vorbis: bf7c407c2cedff20999df2af8eb42d56 -> 
========================================================================
Received Import Request.
  Time since last request: 306.458135 seconds.
  path: ProjectSettings/TagManager.asset
  artifactKey: Guid(00000000000000003000000000000000) Importer(815301076,1909f56bfc062723c751e8b465ee728b)
Start importing ProjectSettings/TagManager.asset using Guid(00000000000000003000000000000000) Importer(815301076,1909f56bfc062723c751e8b465ee728b)  -> (artifact id: 'c71ef3d37d41a84f7302deacd7bba084') in 0.024107 seconds 
========================================================================
Received Import Request.
  Time since last request: 9.846303 seconds.
  path: Assets/Prefabs/Hombre Base.prefab
  artifactKey: Guid(89176e32565e9364b938ce532a88ce0a) Importer(815301076,1909f56bfc062723c751e8b465ee728b)
Start importing Assets/Prefabs/Hombre Base.prefab using Guid(89176e32565e9364b938ce532a88ce0a) Importer(815301076,1909f56bfc062723c751e8b465ee728b)  -> (artifact id: '1b6254d0cb37f57a75571d2234057f9f') in 0.201342 seconds 
